{"/home/user/www/xys-vsp-be-video/src/app.js": {"path":"/home/user/www/xys-vsp-be-video/src/app.js","statementMap":{"0":{"start":{"line":1,"column":13},"end":{"line":1,"column":28}},"1":{"start":{"line":2,"column":11},"end":{"line":2,"column":24}},"2":{"start":{"line":3,"column":12},"end":{"line":3,"column":32}},"3":{"start":{"line":5,"column":20},"end":{"line":6,"column":9}},"4":{"start":{"line":8,"column":0},"end":{"line":8,"column":66}},"5":{"start":{"line":8,"column":25},"end":{"line":8,"column":64}},"6":{"start":{"line":10,"column":17},"end":{"line":10,"column":45}},"7":{"start":{"line":12,"column":0},"end":{"line":12,"column":31}},"8":{"start":{"line":14,"column":0},"end":{"line":14,"column":21}}},"fnMap":{"0":{"name":"(anonymous_0)","decl":{"start":{"line":8,"column":20},"end":{"line":8,"column":21}},"loc":{"start":{"line":8,"column":25},"end":{"line":8,"column":64}},"line":8}},"branchMap":{},"s":{"0":0,"1":0,"2":0,"3":0,"4":0,"5":0,"6":0,"7":0,"8":0},"f":{"0":0},"b":{}}
}
